[debug] [2019-04-12T20:18:48.048Z] ----------------------------------------------------------------------
[debug] [2019-04-12T20:18:48.051Z] Command:       /usr/bin/node /usr/local/bin/firebase serve
[debug] [2019-04-12T20:18:48.051Z] CLI Version:   6.5.3
[debug] [2019-04-12T20:18:48.051Z] Platform:      linux
[debug] [2019-04-12T20:18:48.051Z] Node Version:  v8.10.0
[debug] [2019-04-12T20:18:48.051Z] Time:          Fri Apr 12 2019 13:18:48 GMT-0700 (PDT)
[debug] [2019-04-12T20:18:48.051Z] ----------------------------------------------------------------------
[debug] 
[debug] [2019-04-12T20:18:48.068Z] > command requires scopes: ["email","openid","https://www.googleapis.com/auth/cloudplatformprojects.readonly","https://www.googleapis.com/auth/firebase","https://www.googleapis.com/auth/cloud-platform"]
[debug] [2019-04-12T20:18:48.068Z] > authorizing via signed-in user
[debug] [2019-04-12T20:18:48.068Z] [iam] checking project internmatch-525f0 for permissions ["firebase.projects.get"]
[debug] [2019-04-12T20:18:48.070Z] > refreshing access token with scopes: ["email","https://www.googleapis.com/auth/cloud-platform","https://www.googleapis.com/auth/cloudplatformprojects.readonly","https://www.googleapis.com/auth/firebase","openid"]
[debug] [2019-04-12T20:18:48.071Z] >>> HTTP REQUEST POST https://www.googleapis.com/oauth2/v3/token  
 <request body omitted>
[debug] [2019-04-12T20:18:48.468Z] <<< HTTP RESPONSE 200
[debug] [2019-04-12T20:18:48.472Z] >>> HTTP REQUEST POST https://cloudresourcemanager.googleapis.com/v1/projects/internmatch-525f0:testIamPermissions  

[debug] [2019-04-12T20:18:48.746Z] <<< HTTP RESPONSE 200
[debug] [2019-04-12T20:18:48.747Z] >>> HTTP REQUEST GET https://cloudresourcemanager.googleapis.com/v1/projects/internmatch-525f0  
 
[debug] [2019-04-12T20:18:48.900Z] <<< HTTP RESPONSE 200
[info] 
[info] === Serving from '/home/mariksolo/internmatch2'...
[info] 
[info] i  functions: Preparing to emulate functions.
[debug] [2019-04-12T20:18:50.098Z] Fetching environment
[debug] [2019-04-12T20:18:50.270Z] Error: EACCES: permission denied, open '/home/mariksolo/.config/gcloud/application_default_credentials.json'
    at Object.fs.openSync (fs.js:646:18)
    at Object.fs.writeFileSync (fs.js:1299:33)
    at module.exports (/usr/local/lib/node_modules/firebase-tools/lib/ensureDefaultCredentials.js:28:8)
    at FunctionsEmulator.start (/usr/local/lib/node_modules/firebase-tools/lib/functionsEmulator.js:106:5)
    at Object.start (/usr/local/lib/node_modules/firebase-tools/lib/serve/functions.js:7:33)
    at /usr/local/lib/node_modules/firebase-tools/lib/serve/index.js:15:23
    at arrayMap (/usr/local/lib/node_modules/firebase-tools/node_modules/lodash/lodash.js:639:23)
    at Function.map (/usr/local/lib/node_modules/firebase-tools/node_modules/lodash/lodash.js:9556:14)
    at _serve (/usr/local/lib/node_modules/firebase-tools/lib/serve/index.js:13:26)
    at Command.module.exports.Command.description.option.option.option.option.before.action [as _action] (/usr/local/lib/node_modules/firebase-tools/lib/commands/serve.js:55:12)
[error] 
[error] Error: An unexpected error has occurred.
